<?xml version="1.0" encoding="UTF-8"?>
<testsuite name="eurekademo.ApplicationTests" tests="2" skipped="0" failures="0" errors="0" timestamp="2022-08-24T19:42:10" hostname="saifrehmas-MBP" time="0.556">
  <properties/>
  <testcase name="catalogLoads()" classname="eurekademo.ApplicationTests" time="0.45"/>
  <testcase name="adminLoads()" classname="eurekademo.ApplicationTests" time="0.104"/>
  <system-out><![CDATA[23:42:04.008 [Test worker] DEBUG org.springframework.test.context.BootstrapUtils - Instantiating CacheAwareContextLoaderDelegate from class [org.springframework.test.context.cache.DefaultCacheAwareContextLoaderDelegate]
23:42:04.017 [Test worker] DEBUG org.springframework.test.context.BootstrapUtils - Instantiating BootstrapContext using constructor [public org.springframework.test.context.support.DefaultBootstrapContext(java.lang.Class,org.springframework.test.context.CacheAwareContextLoaderDelegate)]
23:42:04.043 [Test worker] DEBUG org.springframework.test.context.BootstrapUtils - Instantiating TestContextBootstrapper for test class [eurekademo.ApplicationTests] from class [org.springframework.boot.test.context.SpringBootTestContextBootstrapper]
23:42:04.051 [Test worker] INFO org.springframework.boot.test.context.SpringBootTestContextBootstrapper - Neither @ContextConfiguration nor @ContextHierarchy found for test class [eurekademo.ApplicationTests], using SpringBootContextLoader
23:42:04.054 [Test worker] DEBUG org.springframework.test.context.support.AbstractContextLoader - Did not detect default resource location for test class [eurekademo.ApplicationTests]: class path resource [eurekademo/ApplicationTests-context.xml] does not exist
23:42:04.054 [Test worker] DEBUG org.springframework.test.context.support.AbstractContextLoader - Did not detect default resource location for test class [eurekademo.ApplicationTests]: class path resource [eurekademo/ApplicationTestsContext.groovy] does not exist
23:42:04.055 [Test worker] INFO org.springframework.test.context.support.AbstractContextLoader - Could not detect default resource locations for test class [eurekademo.ApplicationTests]: no resource found for suffixes {-context.xml, Context.groovy}.
23:42:04.055 [Test worker] INFO org.springframework.test.context.support.AnnotationConfigContextLoaderUtils - Could not detect default configuration classes for test class [eurekademo.ApplicationTests]: ApplicationTests does not declare any static, non-private, non-final, nested classes annotated with @Configuration.
23:42:04.098 [Test worker] DEBUG org.springframework.test.context.support.ActiveProfilesUtils - Could not find an 'annotation declaring class' for annotation type [org.springframework.test.context.ActiveProfiles] and class [eurekademo.ApplicationTests]
23:42:04.151 [Test worker] DEBUG org.springframework.context.annotation.ClassPathScanningCandidateComponentProvider - Identified candidate component class: file [/Users/saif.rehman@ibm.com/Desktop/spring-cloud-sample/build/classes/java/main/eurekademo/EurekaApplication.class]
23:42:04.152 [Test worker] INFO org.springframework.boot.test.context.SpringBootTestContextBootstrapper - Found @SpringBootConfiguration eurekademo.EurekaApplication for test class eurekademo.ApplicationTests
23:42:04.251 [Test worker] DEBUG org.springframework.boot.test.context.SpringBootTestContextBootstrapper - @TestExecutionListeners is not present for class [eurekademo.ApplicationTests]: using defaults.
23:42:04.251 [Test worker] INFO org.springframework.boot.test.context.SpringBootTestContextBootstrapper - Loaded default TestExecutionListener class names from location [META-INF/spring.factories]: [org.springframework.boot.test.autoconfigure.restdocs.RestDocsTestExecutionListener, org.springframework.boot.test.autoconfigure.web.client.MockRestServiceServerResetTestExecutionListener, org.springframework.boot.test.autoconfigure.web.servlet.MockMvcPrintOnlyOnFailureTestExecutionListener, org.springframework.boot.test.autoconfigure.web.servlet.WebDriverTestExecutionListener, org.springframework.boot.test.autoconfigure.webservices.client.MockWebServiceServerTestExecutionListener, org.springframework.boot.test.mock.mockito.MockitoTestExecutionListener, org.springframework.boot.test.mock.mockito.ResetMocksTestExecutionListener, org.springframework.test.context.web.ServletTestExecutionListener, org.springframework.test.context.support.DirtiesContextBeforeModesTestExecutionListener, org.springframework.test.context.event.ApplicationEventsTestExecutionListener, org.springframework.test.context.support.DependencyInjectionTestExecutionListener, org.springframework.test.context.support.DirtiesContextTestExecutionListener, org.springframework.test.context.transaction.TransactionalTestExecutionListener, org.springframework.test.context.jdbc.SqlScriptsTestExecutionListener, org.springframework.test.context.event.EventPublishingTestExecutionListener]
23:42:04.260 [Test worker] DEBUG org.springframework.boot.test.context.SpringBootTestContextBootstrapper - Skipping candidate TestExecutionListener [org.springframework.test.context.transaction.TransactionalTestExecutionListener] due to a missing dependency. Specify custom listener classes or make the default listener classes and their required dependencies available. Offending class: [org/springframework/transaction/TransactionDefinition]
23:42:04.260 [Test worker] DEBUG org.springframework.boot.test.context.SpringBootTestContextBootstrapper - Skipping candidate TestExecutionListener [org.springframework.test.context.jdbc.SqlScriptsTestExecutionListener] due to a missing dependency. Specify custom listener classes or make the default listener classes and their required dependencies available. Offending class: [org/springframework/transaction/interceptor/TransactionAttribute]
23:42:04.261 [Test worker] INFO org.springframework.boot.test.context.SpringBootTestContextBootstrapper - Using TestExecutionListeners: [org.springframework.test.context.web.ServletTestExecutionListener@39655d3e, org.springframework.test.context.support.DirtiesContextBeforeModesTestExecutionListener@34f22f9d, org.springframework.test.context.event.ApplicationEventsTestExecutionListener@3d1848cc, org.springframework.boot.test.mock.mockito.MockitoTestExecutionListener@7dda48d9, org.springframework.boot.test.autoconfigure.SpringBootDependencyInjectionTestExecutionListener@6e4566f1, org.springframework.test.context.support.DirtiesContextTestExecutionListener@4b6e2263, org.springframework.test.context.event.EventPublishingTestExecutionListener@344f4dea, org.springframework.boot.test.autoconfigure.restdocs.RestDocsTestExecutionListener@1b7c473a, org.springframework.boot.test.autoconfigure.web.client.MockRestServiceServerResetTestExecutionListener@5e4bd84a, org.springframework.boot.test.autoconfigure.web.servlet.MockMvcPrintOnlyOnFailureTestExecutionListener@648c94da, org.springframework.boot.test.autoconfigure.web.servlet.WebDriverTestExecutionListener@2a62b5bc, org.springframework.boot.test.autoconfigure.webservices.client.MockWebServiceServerTestExecutionListener@53de625d, org.springframework.boot.test.mock.mockito.ResetMocksTestExecutionListener@535779e4]
23:42:04.264 [Test worker] DEBUG org.springframework.test.context.support.AbstractDirtiesContextTestExecutionListener - Before test class: context [DefaultTestContext@388526fb testClass = ApplicationTests, testInstance = [null], testMethod = [null], testException = [null], mergedContextConfiguration = [WebMergedContextConfiguration@21a21c64 testClass = ApplicationTests, locations = '{}', classes = '{class eurekademo.EurekaApplication}', contextInitializerClasses = '[]', activeProfiles = '{}', propertySourceLocations = '{}', propertySourceProperties = '{org.springframework.boot.test.context.SpringBootTestContextBootstrapper=true}', contextCustomizers = set[org.springframework.boot.test.autoconfigure.actuate.metrics.MetricsExportContextCustomizerFactory$DisableMetricExportContextCustomizer@48075da3, org.springframework.boot.test.autoconfigure.properties.PropertyMappingContextCustomizer@0, org.springframework.boot.test.autoconfigure.web.servlet.WebDriverContextCustomizerFactory$Customizer@5b247367, org.springframework.boot.test.context.filter.ExcludeFilterContextCustomizer@5890e879, org.springframework.boot.test.json.DuplicateJsonObjectContextCustomizerFactory$DuplicateJsonObjectContextCustomizer@231f98ef, org.springframework.boot.test.mock.mockito.MockitoContextCustomizer@0, org.springframework.boot.test.web.client.TestRestTemplateContextCustomizer@19932c16, org.springframework.boot.test.context.SpringBootTestArgs@1, org.springframework.boot.test.context.SpringBootTestWebEnvironment@33afa13b], resourceBasePath = 'src/main/webapp', contextLoader = 'org.springframework.boot.test.context.SpringBootContextLoader', parent = [null]], attributes = map['org.springframework.test.context.web.ServletTestExecutionListener.activateListener' -> false]], class annotated with @DirtiesContext [false] with mode [null].
23:42:04.273 [Test worker] DEBUG org.springframework.test.context.support.DependencyInjectionTestExecutionListener - Performing dependency injection for test context [[DefaultTestContext@388526fb testClass = ApplicationTests, testInstance = eurekademo.ApplicationTests@31bcf236, testMethod = [null], testException = [null], mergedContextConfiguration = [WebMergedContextConfiguration@21a21c64 testClass = ApplicationTests, locations = '{}', classes = '{class eurekademo.EurekaApplication}', contextInitializerClasses = '[]', activeProfiles = '{}', propertySourceLocations = '{}', propertySourceProperties = '{org.springframework.boot.test.context.SpringBootTestContextBootstrapper=true}', contextCustomizers = set[org.springframework.boot.test.autoconfigure.actuate.metrics.MetricsExportContextCustomizerFactory$DisableMetricExportContextCustomizer@48075da3, org.springframework.boot.test.autoconfigure.properties.PropertyMappingContextCustomizer@0, org.springframework.boot.test.autoconfigure.web.servlet.WebDriverContextCustomizerFactory$Customizer@5b247367, org.springframework.boot.test.context.filter.ExcludeFilterContextCustomizer@5890e879, org.springframework.boot.test.json.DuplicateJsonObjectContextCustomizerFactory$DuplicateJsonObjectContextCustomizer@231f98ef, org.springframework.boot.test.mock.mockito.MockitoContextCustomizer@0, org.springframework.boot.test.web.client.TestRestTemplateContextCustomizer@19932c16, org.springframework.boot.test.context.SpringBootTestArgs@1, org.springframework.boot.test.context.SpringBootTestWebEnvironment@33afa13b], resourceBasePath = 'src/main/webapp', contextLoader = 'org.springframework.boot.test.context.SpringBootContextLoader', parent = [null]], attributes = map['org.springframework.test.context.web.ServletTestExecutionListener.activateListener' -> false, 'org.springframework.test.context.event.ApplicationEventsTestExecutionListener.recordApplicationEvents' -> false]]].
23:42:04.305 [Test worker] DEBUG org.springframework.boot.ApplicationServletEnvironment - Activating profiles []
23:42:04.306 [Test worker] DEBUG org.springframework.test.context.support.TestPropertySourceUtils - Adding inlined properties to environment: {spring.jmx.enabled=false, org.springframework.boot.test.context.SpringBootTestContextBootstrapper=true}

  .   ____          _            __ _ _
 /\\ / ___'_ __ _ _(_)_ __  __ _ \ \ \ \
( ( )\___ | '_ | '_| | '_ \/ _` | \ \ \ \
 \\/  ___)| |_)| | | | | || (_| |  ) ) ) )
  '  |____| .__|_| |_|_| |_\__, | / / / /
 =========|_|==============|___/=/_/_/_/
 :: Spring Boot ::                (v2.6.1)

2022-08-24 23:42:05.662  INFO 46053 --- [    Test worker] eurekademo.ApplicationTests              : Starting ApplicationTests using Java 1.8.0_322 on saifrehmas-MBP with PID 46053 (started by saif.rehman@ibm.com in /Users/saif.rehman@ibm.com/Desktop/spring-cloud-sample)
2022-08-24 23:42:05.663  INFO 46053 --- [    Test worker] eurekademo.ApplicationTests              : No active profile set, falling back to default profiles: default
2022-08-24 23:42:06.599  INFO 46053 --- [    Test worker] o.s.cloud.context.scope.GenericScope     : BeanFactory id=fcd5d78b-e843-31e0-978d-a820b3775da8
2022-08-24 23:42:07.017  INFO 46053 --- [    Test worker] o.s.b.w.embedded.tomcat.TomcatWebServer  : Tomcat initialized with port(s): 8761 (http)
2022-08-24 23:42:07.031  INFO 46053 --- [    Test worker] o.apache.catalina.core.StandardService   : Starting service [Tomcat]
2022-08-24 23:42:07.031  INFO 46053 --- [    Test worker] org.apache.catalina.core.StandardEngine  : Starting Servlet engine: [Apache Tomcat/9.0.55]
2022-08-24 23:42:07.133  INFO 46053 --- [    Test worker] o.a.c.c.C.[Tomcat].[localhost].[/]       : Initializing Spring embedded WebApplicationContext
2022-08-24 23:42:07.133  INFO 46053 --- [    Test worker] w.s.c.ServletWebServerApplicationContext : Root WebApplicationContext: initialization completed in 1451 ms
2022-08-24 23:42:07.661  INFO 46053 --- [    Test worker] c.s.j.s.i.a.WebApplicationImpl           : Initiating Jersey application, version 'Jersey: 1.19.4 05/24/2017 03:20 PM'
2022-08-24 23:42:07.741  INFO 46053 --- [    Test worker] c.n.d.provider.DiscoveryJerseyProvider   : Using JSON encoding codec LegacyJacksonJson
2022-08-24 23:42:07.743  INFO 46053 --- [    Test worker] c.n.d.provider.DiscoveryJerseyProvider   : Using JSON decoding codec LegacyJacksonJson
2022-08-24 23:42:07.889  INFO 46053 --- [    Test worker] c.n.d.provider.DiscoveryJerseyProvider   : Using XML encoding codec XStreamXml
2022-08-24 23:42:07.890  INFO 46053 --- [    Test worker] c.n.d.provider.DiscoveryJerseyProvider   : Using XML decoding codec XStreamXml
2022-08-24 23:42:09.329  INFO 46053 --- [    Test worker] DiscoveryClientOptionalArgsConfiguration : Eureka HTTP Client uses Jersey
2022-08-24 23:42:09.418  WARN 46053 --- [    Test worker] iguration$LoadBalancerCaffeineWarnLogger : Spring Cloud LoadBalancer is currently working with the default cache. You can switch to using Caffeine cache, by adding it and org.springframework.cache.caffeine.CaffeineCacheManager to the classpath.
2022-08-24 23:42:09.441  INFO 46053 --- [    Test worker] o.s.c.n.eureka.InstanceInfoFactory       : Setting initial instance status as: STARTING
2022-08-24 23:42:09.474  INFO 46053 --- [    Test worker] com.netflix.discovery.DiscoveryClient    : Initializing Eureka in region us-east-1
2022-08-24 23:42:09.474  INFO 46053 --- [    Test worker] com.netflix.discovery.DiscoveryClient    : Client configured to neither register nor query for data.
2022-08-24 23:42:09.484  INFO 46053 --- [    Test worker] com.netflix.discovery.DiscoveryClient    : Discovery Client initialized at timestamp 1661370129482 with initial instances count: 0
2022-08-24 23:42:09.531  INFO 46053 --- [    Test worker] c.n.eureka.DefaultEurekaServerContext    : Initializing ...
2022-08-24 23:42:09.533  INFO 46053 --- [    Test worker] c.n.eureka.cluster.PeerEurekaNodes       : Adding new peer nodes [http://localhost:8761/eureka/]
2022-08-24 23:42:09.716  INFO 46053 --- [    Test worker] c.n.d.provider.DiscoveryJerseyProvider   : Using JSON encoding codec LegacyJacksonJson
2022-08-24 23:42:09.716  INFO 46053 --- [    Test worker] c.n.d.provider.DiscoveryJerseyProvider   : Using JSON decoding codec LegacyJacksonJson
2022-08-24 23:42:09.716  INFO 46053 --- [    Test worker] c.n.d.provider.DiscoveryJerseyProvider   : Using XML encoding codec XStreamXml
2022-08-24 23:42:09.716  INFO 46053 --- [    Test worker] c.n.d.provider.DiscoveryJerseyProvider   : Using XML decoding codec XStreamXml
2022-08-24 23:42:09.820  INFO 46053 --- [    Test worker] c.n.eureka.cluster.PeerEurekaNodes       : Replica node URL:  http://localhost:8761/eureka/
2022-08-24 23:42:09.828  INFO 46053 --- [    Test worker] c.n.e.registry.AbstractInstanceRegistry  : Finished initializing remote region registries. All known remote regions: []
2022-08-24 23:42:09.829  INFO 46053 --- [    Test worker] c.n.eureka.DefaultEurekaServerContext    : Initialized
2022-08-24 23:42:09.840  INFO 46053 --- [    Test worker] o.s.b.a.e.web.EndpointLinksResolver      : Exposing 16 endpoint(s) beneath base path '/actuator'
2022-08-24 23:42:09.957  INFO 46053 --- [    Test worker] o.s.c.n.e.s.EurekaServiceRegistry        : Registering application EUREKA with eureka with status UP
2022-08-24 23:42:09.959  INFO 46053 --- [      Thread-13] o.s.c.n.e.server.EurekaServerBootstrap   : Setting the eureka configuration..
2022-08-24 23:42:09.974  INFO 46053 --- [      Thread-13] o.s.c.n.e.server.EurekaServerBootstrap   : isAws returned false
2022-08-24 23:42:09.974  INFO 46053 --- [    Test worker] o.s.b.w.embedded.tomcat.TomcatWebServer  : Tomcat started on port(s): 8761 (http) with context path ''
2022-08-24 23:42:09.975  INFO 46053 --- [      Thread-13] o.s.c.n.e.server.EurekaServerBootstrap   : Initialized server context
2022-08-24 23:42:09.975  INFO 46053 --- [      Thread-13] c.n.e.r.PeerAwareInstanceRegistryImpl    : Got 1 instances from neighboring DS node
2022-08-24 23:42:09.975  INFO 46053 --- [      Thread-13] c.n.e.r.PeerAwareInstanceRegistryImpl    : Renew threshold is: 1
2022-08-24 23:42:09.975  INFO 46053 --- [      Thread-13] c.n.e.r.PeerAwareInstanceRegistryImpl    : Changing status to UP
2022-08-24 23:42:09.975  INFO 46053 --- [    Test worker] .s.c.n.e.s.EurekaAutoServiceRegistration : Updating port to 8761
2022-08-24 23:42:09.983  INFO 46053 --- [      Thread-13] e.s.EurekaServerInitializerConfiguration : Started Eureka Server
2022-08-24 23:42:10.136  INFO 46053 --- [    Test worker] eurekademo.ApplicationTests              : Started ApplicationTests in 5.829 seconds (JVM running for 6.835)
2022-08-24 23:42:10.450  INFO 46053 --- [nio-8761-exec-1] o.a.c.c.C.[Tomcat].[localhost].[/]       : Initializing Spring DispatcherServlet 'dispatcherServlet'
2022-08-24 23:42:10.451  INFO 46053 --- [nio-8761-exec-1] o.s.web.servlet.DispatcherServlet        : Initializing Servlet 'dispatcherServlet'
2022-08-24 23:42:10.452  INFO 46053 --- [nio-8761-exec-1] o.s.web.servlet.DispatcherServlet        : Completed initialization in 1 ms
]]></system-out>
  <system-err><![CDATA[]]></system-err>
</testsuite>
